2024-11-29 15:33:19,214 [level] learn.sphere.project.ProjectApplication [restartedMain] Starting ProjectApplication using Java 21.0.2 with PID 45324 (C:\Users\phane\Desktop\internship\kodnest\projects\project\target\classes started by phane in C:\Users\phane\Desktop\internship\kodnest\projects\project)
2024-11-29 15:33:19,219 [level] learn.sphere.project.ProjectApplication [restartedMain] Running with Spring Boot v3.3.6, Spring v6.1.15
2024-11-29 15:33:19,223 [level] learn.sphere.project.ProjectApplication [restartedMain] No active profile set, falling back to 1 default profile: "default"
2024-11-29 15:33:19,397 [level] org.springframework.boot.devtools.env.DevToolsPropertyDefaultsPostProcessor [restartedMain] Devtools property defaults active! Set 'spring.devtools.add-properties' to 'false' to disable
2024-11-29 15:33:19,401 [level] org.springframework.boot.devtools.env.DevToolsPropertyDefaultsPostProcessor [restartedMain] For additional web related logging consider setting the 'logging.level.web' property to 'DEBUG'
2024-11-29 15:33:21,833 [level] org.springframework.data.repository.config.RepositoryConfigurationDelegate [restartedMain] Bootstrapping Spring Data JPA repositories in DEFAULT mode.
2024-11-29 15:33:22,136 [level] org.springframework.data.repository.config.RepositoryConfigurationDelegate [restartedMain] Finished Spring Data repository scanning in 286 ms. Found 4 JPA repository interfaces.
2024-11-29 15:33:23,822 [level] org.springframework.boot.web.embedded.tomcat.TomcatWebServer [restartedMain] Tomcat initialized with port 8080 (http)
2024-11-29 15:33:23,844 [level] org.apache.catalina.core.StandardService [restartedMain] Starting service [Tomcat]
2024-11-29 15:33:23,844 [level] org.apache.catalina.core.StandardEngine [restartedMain] Starting Servlet engine: [Apache Tomcat/10.1.33]
2024-11-29 15:33:23,978 [level] org.apache.catalina.core.ContainerBase.[Tomcat].[localhost].[/] [restartedMain] Initializing Spring embedded WebApplicationContext
2024-11-29 15:33:23,978 [level] org.springframework.boot.web.servlet.context.ServletWebServerApplicationContext [restartedMain] Root WebApplicationContext: initialization completed in 4575 ms
2024-11-29 15:33:24,305 [level] com.zaxxer.hikari.HikariDataSource [restartedMain] HikariPool-1 - Starting...
2024-11-29 15:33:24,977 [level] com.zaxxer.hikari.pool.HikariPool [restartedMain] HikariPool-1 - Added connection conn0: url=jdbc:h2:mem:sphere user=SA
2024-11-29 15:33:24,983 [level] com.zaxxer.hikari.HikariDataSource [restartedMain] HikariPool-1 - Start completed.
2024-11-29 15:33:25,014 [level] org.springframework.boot.autoconfigure.h2.H2ConsoleAutoConfiguration [restartedMain] H2 console available at '/h2'. Database available at 'jdbc:h2:mem:sphere'
2024-11-29 15:33:25,419 [level] org.hibernate.jpa.internal.util.LogHelper [restartedMain] HHH000204: Processing PersistenceUnitInfo [name: default]
2024-11-29 15:33:25,645 [level] org.hibernate.Version [restartedMain] HHH000412: Hibernate ORM core version 6.5.3.Final
2024-11-29 15:33:25,707 [level] org.hibernate.cache.internal.RegionFactoryInitiator [restartedMain] HHH000026: Second-level cache disabled
2024-11-29 15:33:26,534 [level] org.springframework.orm.jpa.persistenceunit.SpringPersistenceUnitInfo [restartedMain] No LoadTimeWeaver setup: ignoring JPA class transformer
2024-11-29 15:33:26,644 [level] org.hibernate.orm.deprecation [restartedMain] HHH90000025: H2Dialect does not need to be specified explicitly using 'hibernate.dialect' (remove the property setting and it will be selected by default)
2024-11-29 15:33:28,201 [level] org.hibernate.engine.transaction.jta.platform.internal.JtaPlatformInitiator [restartedMain] HHH000489: No JTA platform available (set 'hibernate.transaction.jta.platform' to enable JTA platform integration)
2024-11-29 15:33:28,264 [level] org.springframework.orm.jpa.LocalContainerEntityManagerFactoryBean [restartedMain] Initialized JPA EntityManagerFactory for persistence unit 'default'
2024-11-29 15:33:29,574 [level] org.springframework.boot.autoconfigure.orm.jpa.JpaBaseConfiguration$JpaWebConfiguration [restartedMain] spring.jpa.open-in-view is enabled by default. Therefore, database queries may be performed during view rendering. Explicitly configure spring.jpa.open-in-view to disable this warning
2024-11-29 15:33:29,689 [level] org.springframework.security.config.annotation.authentication.configuration.InitializeAuthenticationProviderBeanManagerConfigurer$InitializeAuthenticationProviderManagerConfigurer [restartedMain] Global AuthenticationManager configured with AuthenticationProvider bean with name authenticationProvider
2024-11-29 15:33:29,692 [level] org.springframework.security.config.annotation.authentication.configuration.InitializeUserDetailsBeanManagerConfigurer$InitializeUserDetailsManagerConfigurer [restartedMain] Global AuthenticationManager configured with an AuthenticationProvider bean. UserDetailsService beans will not be used for username/password login. Consider removing the AuthenticationProvider bean. Alternatively, consider using the UserDetailsService in a manually instantiated DaoAuthenticationProvider.
2024-11-29 15:33:31,138 [level] org.springframework.boot.devtools.autoconfigure.OptionalLiveReloadServer [restartedMain] LiveReload server is running on port 35729
2024-11-29 15:33:31,216 [level] org.springframework.boot.web.embedded.tomcat.TomcatWebServer [restartedMain] Tomcat started on port 8080 (http) with context path '/'
2024-11-29 15:33:31,234 [level] learn.sphere.project.ProjectApplication [restartedMain] Started ProjectApplication in 13.437 seconds (process running for 15.144)
2024-11-29 15:33:33,276 [level] learn.sphere.project.ProjectApplication [restartedMain] Spring boot application is started.
2024-11-29 15:37:33,075 [level] org.apache.catalina.core.ContainerBase.[Tomcat].[localhost].[/] [http-nio-8080-exec-2] Initializing Spring DispatcherServlet 'dispatcherServlet'
2024-11-29 15:37:33,077 [level] org.springframework.web.servlet.DispatcherServlet [http-nio-8080-exec-2] Initializing Servlet 'dispatcherServlet'
2024-11-29 15:37:33,080 [level] org.springframework.web.servlet.DispatcherServlet [http-nio-8080-exec-2] Completed initialization in 2 ms
2024-11-29 15:38:18,251 [level] org.springframework.boot.devtools.autoconfigure.LocalDevToolsAutoConfiguration$RestartingClassPathChangeChangedEventListener [File Watcher] Restarting due to 24 class path changes (0 additions, 0 deletions, 24 modifications)
2024-11-29 15:38:18,274 [level] org.springframework.orm.jpa.LocalContainerEntityManagerFactoryBean [Thread-5] Closing JPA EntityManagerFactory for persistence unit 'default'
2024-11-29 15:38:18,286 [level] org.springframework.beans.factory.support.DisposableBeanAdapter [Thread-5] Invocation of destroy method failed on bean with name 'inMemoryDatabaseShutdownExecutor': org.h2.jdbc.JdbcSQLNonTransientConnectionException: Database is already closed (to disable automatic closing at VM shutdown, add ";DB_CLOSE_ON_EXIT=FALSE" to the db URL) [90121-224]
2024-11-29 15:38:18,288 [level] com.zaxxer.hikari.HikariDataSource [Thread-5] HikariPool-1 - Shutdown initiated...
2024-11-29 15:38:18,293 [level] com.zaxxer.hikari.HikariDataSource [Thread-5] HikariPool-1 - Shutdown completed.
2024-11-29 15:38:18,424 [level] learn.sphere.project.ProjectApplication [restartedMain] Starting ProjectApplication using Java 21.0.2 with PID 45324 (C:\Users\phane\Desktop\internship\kodnest\projects\project\target\classes started by phane in C:\Users\phane\Desktop\internship\kodnest\projects\project)
2024-11-29 15:38:18,428 [level] learn.sphere.project.ProjectApplication [restartedMain] Running with Spring Boot v3.3.6, Spring v6.1.15
2024-11-29 15:38:18,429 [level] learn.sphere.project.ProjectApplication [restartedMain] No active profile set, falling back to 1 default profile: "default"
2024-11-29 15:38:18,763 [level] org.springframework.data.repository.config.RepositoryConfigurationDelegate [restartedMain] Bootstrapping Spring Data JPA repositories in DEFAULT mode.
2024-11-29 15:38:18,845 [level] org.springframework.data.repository.config.RepositoryConfigurationDelegate [restartedMain] Finished Spring Data repository scanning in 80 ms. Found 4 JPA repository interfaces.
2024-11-29 15:38:19,003 [level] org.springframework.boot.web.embedded.tomcat.TomcatWebServer [restartedMain] Tomcat initialized with port 8080 (http)
2024-11-29 15:38:19,008 [level] org.apache.catalina.core.StandardService [restartedMain] Starting service [Tomcat]
2024-11-29 15:38:19,008 [level] org.apache.catalina.core.StandardEngine [restartedMain] Starting Servlet engine: [Apache Tomcat/10.1.33]
2024-11-29 15:38:19,058 [level] org.apache.catalina.core.ContainerBase.[Tomcat].[localhost].[/] [restartedMain] Initializing Spring embedded WebApplicationContext
2024-11-29 15:38:19,058 [level] org.springframework.boot.web.servlet.context.ServletWebServerApplicationContext [restartedMain] Root WebApplicationContext: initialization completed in 623 ms
2024-11-29 15:38:19,084 [level] com.zaxxer.hikari.HikariDataSource [restartedMain] HikariPool-2 - Starting...
2024-11-29 15:38:19,089 [level] com.zaxxer.hikari.pool.HikariPool [restartedMain] HikariPool-2 - Added connection conn11: url=jdbc:h2:mem:sphere user=SA
2024-11-29 15:38:19,089 [level] com.zaxxer.hikari.HikariDataSource [restartedMain] HikariPool-2 - Start completed.
2024-11-29 15:38:19,089 [level] org.springframework.boot.autoconfigure.h2.H2ConsoleAutoConfiguration [restartedMain] H2 console available at '/h2'. Database available at 'jdbc:h2:mem:sphere'
2024-11-29 15:38:19,153 [level] org.hibernate.jpa.internal.util.LogHelper [restartedMain] HHH000204: Processing PersistenceUnitInfo [name: default]
2024-11-29 15:38:19,158 [level] org.hibernate.cache.internal.RegionFactoryInitiator [restartedMain] HHH000026: Second-level cache disabled
2024-11-29 15:38:19,181 [level] org.springframework.orm.jpa.persistenceunit.SpringPersistenceUnitInfo [restartedMain] No LoadTimeWeaver setup: ignoring JPA class transformer
2024-11-29 15:38:19,185 [level] org.hibernate.orm.deprecation [restartedMain] HHH90000025: H2Dialect does not need to be specified explicitly using 'hibernate.dialect' (remove the property setting and it will be selected by default)
2024-11-29 15:38:19,343 [level] org.hibernate.engine.transaction.jta.platform.internal.JtaPlatformInitiator [restartedMain] HHH000489: No JTA platform available (set 'hibernate.transaction.jta.platform' to enable JTA platform integration)
2024-11-29 15:38:19,353 [level] org.springframework.orm.jpa.LocalContainerEntityManagerFactoryBean [restartedMain] Initialized JPA EntityManagerFactory for persistence unit 'default'
2024-11-29 15:38:19,535 [level] org.springframework.boot.autoconfigure.orm.jpa.JpaBaseConfiguration$JpaWebConfiguration [restartedMain] spring.jpa.open-in-view is enabled by default. Therefore, database queries may be performed during view rendering. Explicitly configure spring.jpa.open-in-view to disable this warning
2024-11-29 15:38:19,551 [level] org.springframework.security.config.annotation.authentication.configuration.InitializeAuthenticationProviderBeanManagerConfigurer$InitializeAuthenticationProviderManagerConfigurer [restartedMain] Global AuthenticationManager configured with AuthenticationProvider bean with name authenticationProvider
2024-11-29 15:38:19,554 [level] org.springframework.security.config.annotation.authentication.configuration.InitializeUserDetailsBeanManagerConfigurer$InitializeUserDetailsManagerConfigurer [restartedMain] Global AuthenticationManager configured with an AuthenticationProvider bean. UserDetailsService beans will not be used for username/password login. Consider removing the AuthenticationProvider bean. Alternatively, consider using the UserDetailsService in a manually instantiated DaoAuthenticationProvider.
2024-11-29 15:38:19,833 [level] org.springframework.boot.devtools.autoconfigure.OptionalLiveReloadServer [restartedMain] LiveReload server is running on port 35729
2024-11-29 15:38:19,843 [level] org.springframework.boot.web.embedded.tomcat.TomcatWebServer [restartedMain] Tomcat started on port 8080 (http) with context path '/'
2024-11-29 15:38:19,856 [level] learn.sphere.project.ProjectApplication [restartedMain] Started ProjectApplication in 1.474 seconds (process running for 303.764)
2024-11-29 15:38:20,969 [level] org.springframework.boot.devtools.autoconfigure.ConditionEvaluationDeltaLoggingListener [restartedMain] Condition evaluation unchanged
2024-11-29 15:38:20,974 [level] learn.sphere.project.ProjectApplication [restartedMain] Spring boot application is started.
2024-11-29 15:39:10,508 [level] org.apache.catalina.core.ContainerBase.[Tomcat].[localhost].[/] [http-nio-8080-exec-2] Initializing Spring DispatcherServlet 'dispatcherServlet'
2024-11-29 15:39:10,510 [level] org.springframework.web.servlet.DispatcherServlet [http-nio-8080-exec-2] Initializing Servlet 'dispatcherServlet'
2024-11-29 15:39:10,511 [level] org.springframework.web.servlet.DispatcherServlet [http-nio-8080-exec-2] Completed initialization in 1 ms
